# JRE version: OpenJDK Runtime Environment Corretto-21.0.8.9.1 (21.0.8+9) (build 21.0.8+9-LTS)
# Java VM: OpenJDK 64-Bit Server VM Corretto-21.0.8.9.1 (21.0.8+9-LTS, mixed mode, sharing, tiered, compressed oops, compressed class ptrs, g1 gc, windows-amd64)
GC Precious Log:
 CardTable entry size: 512
 Card Set container configuration: InlinePtr #cards 4 size 8 Array Of Cards #cards 16 size 48 Howl #buckets 8 coarsen threshold 3686 Howl Bitmap #cards 512 size 80 coarsen threshold 460 Card regions per heap region 1 cards per card region 4096
 CPUs: 4 total, 4 available
 Memory: 10238M
 Large Page Support: Disabled
 NUMA Support: Disabled
 Compressed Oops: Enabled (Zero based)
 Heap Region Size: 2M
 Heap Min Capacity: 8M
 Heap Initial Capacity: 160M
 Heap Max Capacity: 2560M
 Pre-touch: Disabled
 Parallel Workers: 4
 Concurrent Workers: 1
 Concurrent Refinement Workers: 4
 Periodic GC: Disabled
Heap:
 garbage-first heap   total 163840K, used 70118K [0x0000000760000000, 0x0000000800000000)
  region size 2048K, 1 young (2048K), 1 survivors (2048K)
 Metaspace       used 17290K, committed 17472K, reserved 1114112K
  class space    used 1788K, committed 1856K, reserved 1048576K
GC Heap History (20 events):
Event: 40.387 GC heap after
{Heap after GC invocations=1 (full 0):
 garbage-first heap   total 163840K, used 7551K [0x0000000760000000, 0x0000000800000000)
  region size 2048K, 1 young (2048K), 1 survivors (2048K)
 Metaspace       used 11097K, committed 11392K, reserved 1114112K
  class space    used 1210K, committed 1344K, reserved 1048576K
}
Event: 57.819 GC heap before
{Heap before GC invocations=1 (full 0):
 garbage-first heap   total 163840K, used 17791K [0x0000000760000000, 0x0000000800000000)
  region size 2048K, 7 young (14336K), 1 survivors (2048K)
 Metaspace       used 14693K, committed 14976K, reserved 1114112K
  class space    used 1550K, committed 1664K, reserved 1048576K
}
Event: 57.824 GC heap after
{Heap after GC invocations=2 (full 0):
 garbage-first heap   total 163840K, used 8205K [0x0000000760000000, 0x0000000800000000)
  region size 2048K, 1 young (2048K), 1 survivors (2048K)
 Metaspace       used 14693K, committed 14976K, reserved 1114112K
  class space    used 1550K, committed 1664K, reserved 1048576K
}
Event: 186.920 GC heap before
{Heap before GC invocations=2 (full 0):
 garbage-first heap   total 163840K, used 86029K [0x0000000760000000, 0x0000000800000000)
  region size 2048K, 8 young (16384K), 1 survivors (2048K)
 Metaspace       used 17161K, committed 17344K, reserved 1114112K
  class space    used 1788K, committed 1856K, reserved 1048576K
}
Event: 186.923 GC heap after
{Heap after GC invocations=3 (full 0):
 garbage-first heap   total 163840K, used 74288K [0x0000000760000000, 0x0000000800000000)
  region size 2048K, 1 young (2048K), 1 survivors (2048K)
 Metaspace       used 17161K, committed 17344K, reserved 1114112K
  class space    used 1788K, committed 1856K, reserved 1048576K
}
Event: 186.942 GC heap before
{Heap before GC invocations=3 (full 0):
 garbage-first heap   total 163840K, used 76336K [0x0000000760000000, 0x0000000800000000)
  region size 2048K, 2 young (4096K), 1 survivors (2048K)
 Metaspace       used 17170K, committed 17408K, reserved 1114112K
  class space    used 1788K, committed 1856K, reserved 1048576K
}
Event: 186.944 GC heap after
{Heap after GC invocations=4 (full 0):
 garbage-first heap   total 163840K, used 12759K [0x0000000760000000, 0x0000000800000000)
  region size 2048K, 1 young (2048K), 1 survivors (2048K)
 Metaspace       used 17170K, committed 17408K, reserved 1114112K
  class space    used 1788K, committed 1856K, reserved 1048576K
}
Event: 188.339 GC heap before
{Heap before GC invocations=4 (full 0):
 garbage-first heap   total 163840K, used 76247K [0x0000000760000000, 0x0000000800000000)
  region size 2048K, 4 young (8192K), 1 survivors (2048K)
 Metaspace       used 17212K, committed 17408K, reserved 1114112K
  class space    used 1788K, committed 1856K, reserved 1048576K
}
Event: 188.341 GC heap after
{Heap after GC invocations=5 (full 0):
 garbage-first heap   total 163840K, used 70164K [0x0000000760000000, 0x0000000800000000)
  region size 2048K, 1 young (2048K), 1 survivors (2048K)
 Metaspace       used 17212K, committed 17408K, reserved 1114112K
  class space    used 1788K, committed 1856K, reserved 1048576K
}
Event: 188.358 GC heap before
{Heap before GC invocations=5 (full 0):
 garbage-first heap   total 163840K, used 74260K [0x0000000760000000, 0x0000000800000000)
  region size 2048K, 2 young (4096K), 1 survivors (2048K)
 Metaspace       used 17214K, committed 17408K, reserved 1114112K
  class space    used 1788K, committed 1856K, reserved 1048576K
}
Event: 188.360 GC heap after
{Heap after GC invocations=6 (full 0):
 garbage-first heap   total 163840K, used 16845K [0x0000000760000000, 0x0000000800000000)
  region size 2048K, 1 young (2048K), 1 survivors (2048K)
 Metaspace       used 17214K, committed 17408K, reserved 1114112K
  class space    used 1788K, committed 1856K, reserved 1048576K
}
Event: 188.590 GC heap before
{Heap before GC invocations=6 (full 0):
 garbage-first heap   total 163840K, used 78285K [0x0000000760000000, 0x0000000800000000)
  region size 2048K, 4 young (8192K), 1 survivors (2048K)
 Metaspace       used 17247K, committed 17472K, reserved 1114112K
  class space    used 1788K, committed 1856K, reserved 1048576K
}
Event: 188.592 GC heap after
{Heap after GC invocations=7 (full 0):
 garbage-first heap   total 163840K, used 70147K [0x0000000760000000, 0x0000000800000000)
  region size 2048K, 1 young (2048K), 1 survivors (2048K)
 Metaspace       used 17247K, committed 17472K, reserved 1114112K
  class space    used 1788K, committed 1856K, reserved 1048576K
}
Event: 188.607 GC heap before
{Heap before GC invocations=7 (full 0):
 garbage-first heap   total 163840K, used 76291K [0x0000000760000000, 0x0000000800000000)
  region size 2048K, 3 young (6144K), 1 survivors (2048K)
 Metaspace       used 17247K, committed 17472K, reserved 1114112K
  class space    used 1788K, committed 1856K, reserved 1048576K
}
Event: 188.610 GC heap after
{Heap after GC invocations=8 (full 0):
 garbage-first heap   total 163840K, used 16859K [0x0000000760000000, 0x0000000800000000)
  region size 2048K, 1 young (2048K), 1 survivors (2048K)
 Metaspace       used 17247K, committed 17472K, reserved 1114112K
  class space    used 1788K, committed 1856K, reserved 1048576K
}
Event: 188.828 GC heap before
{Heap before GC invocations=8 (full 0):
 garbage-first heap   total 163840K, used 78299K [0x0000000760000000, 0x0000000800000000)
  region size 2048K, 4 young (8192K), 1 survivors (2048K)
 Metaspace       used 17254K, committed 17472K, reserved 1114112K
  class space    used 1788K, committed 1856K, reserved 1048576K
}
Event: 188.830 GC heap after
{Heap after GC invocations=9 (full 0):
 garbage-first heap   total 163840K, used 70138K [0x0000000760000000, 0x0000000800000000)
  region size 2048K, 1 young (2048K), 1 survivors (2048K)
 Metaspace       used 17254K, committed 17472K, reserved 1114112K
  class space    used 1788K, committed 1856K, reserved 1048576K
}
Event: 188.840 GC heap before
{Heap before GC invocations=9 (full 0):
 garbage-first heap   total 163840K, used 74234K [0x0000000760000000, 0x0000000800000000)
  region size 2048K, 2 young (4096K), 1 survivors (2048K)
 Metaspace       used 17257K, committed 17472K, reserved 1114112K
  class space    used 1788K, committed 1856K, reserved 1048576K
}
Event: 188.842 GC heap after
{Heap after GC invocations=10 (full 0):
 garbage-first heap   total 163840K, used 16972K [0x0000000760000000, 0x0000000800000000)
  region size 2048K, 1 young (2048K), 1 survivors (2048K)
 Metaspace       used 17257K, committed 17472K, reserved 1114112K
  class space    used 1788K, committed 1856K, reserved 1048576K
}
Event: 191.252 GC heap before
{Heap before GC invocations=10 (full 0):
 garbage-first heap   total 163840K, used 80460K [0x0000000760000000, 0x0000000800000000)
  region size 2048K, 5 young (10240K), 1 survivors (2048K)
 Metaspace       used 17290K, committed 17472K, reserved 1114112K
  class space    used 1788K, committed 1856K, reserved 1048576K
}

